0 info it worked if it ends with ok
1 verbose cli [ 'C:\\Program Files\\nodejs\\node.exe',
1 verbose cli   'C:\\Program Files\\nodejs\\node_modules\\npm\\bin\\npm-cli.js',
1 verbose cli   'start' ]
2 info using npm@3.10.10
3 info using node@v7.3.0
4 verbose run-script [ 'prestart', 'start', 'poststart' ]
5 info lifecycle sri-master@1.0.0~prestart: sri-master@1.0.0
6 silly lifecycle sri-master@1.0.0~prestart: no script for prestart, continuing
7 info lifecycle sri-master@1.0.0~start: sri-master@1.0.0
8 verbose lifecycle sri-master@1.0.0~start: unsafe-perm in lifecycle true
9 verbose lifecycle sri-master@1.0.0~start: PATH: C:\Program Files\nodejs\node_modules\npm\bin\node-gyp-bin;D:\EDITED3\sri-master\node_modules\.bin;C:\ProgramData\Oracle\Java\javapath;D:\DevSuiteHome_1\jdk\jre\bin\client;D:\DevSuiteHome_1\jlib;D:\DevSuiteHome_1\bin;D:\DevSuiteHome_1\jre\1.4.2\bin\client;D:\DevSuiteHome_1\jre\1.4.2\bin;D:\DevSuiteHome_1\jdk\jre\bin\classic;D:\DevSuiteHome_1\jdk\jre\bin;D:\OraHome_1\bin;C:\Informatica\9.5.1\clients\DT\bin;C:\Informatica\9.5.1\clients\tools\datadirect;C:\Informatica\9.5.1\clients\tools\odbcdrv;D:\app\Unameit\product\11.2.0\client_1\bin;C:\windows\system32;C:\windows;C:\windows\System32\Wbem;C:\windows\System32\WindowsPowerShell\v1.0\;C:\Program Files\Microsoft Application Virtualization Client;C:\Program Files\MySQL\MySQL Server 5.5\bin;C:\Program Files\Java\jdk1.8.0_31\bin;C:\Program Files\TortoiseSVN\bin;C:\Program Files\IBM\gsk7\bin;C:\Program Files\IBM\Personal Communications\;C:\Program Files\IBM\Trace Facility\;C:\Program Files\nodejs\;C:\Program Files\MongoDB\Server\3.2\bin
10 verbose lifecycle sri-master@1.0.0~start: CWD: D:\EDITED3\sri-master
11 silly lifecycle sri-master@1.0.0~start: Args: [ '/d /s /c', 'node server.js' ]
12 silly lifecycle sri-master@1.0.0~start: Returned: code: 1  signal: null
13 info lifecycle sri-master@1.0.0~start: Failed to exec start script
14 verbose stack Error: sri-master@1.0.0 start: `node server.js`
14 verbose stack Exit status 1
14 verbose stack     at EventEmitter.<anonymous> (C:\Program Files\nodejs\node_modules\npm\lib\utils\lifecycle.js:255:16)
14 verbose stack     at emitTwo (events.js:106:13)
14 verbose stack     at EventEmitter.emit (events.js:191:7)
14 verbose stack     at ChildProcess.<anonymous> (C:\Program Files\nodejs\node_modules\npm\lib\utils\spawn.js:40:14)
14 verbose stack     at emitTwo (events.js:106:13)
14 verbose stack     at ChildProcess.emit (events.js:191:7)
14 verbose stack     at maybeClose (internal/child_process.js:885:16)
14 verbose stack     at Process.ChildProcess._handle.onexit (internal/child_process.js:226:5)
15 verbose pkgid sri-master@1.0.0
16 verbose cwd D:\EDITED3\sri-master
17 error Windows_NT 6.1.7601
18 error argv "C:\\Program Files\\nodejs\\node.exe" "C:\\Program Files\\nodejs\\node_modules\\npm\\bin\\npm-cli.js" "start"
19 error node v7.3.0
20 error npm  v3.10.10
21 error code ELIFECYCLE
22 error sri-master@1.0.0 start: `node server.js`
22 error Exit status 1
23 error Failed at the sri-master@1.0.0 start script 'node server.js'.
23 error Make sure you have the latest version of node.js and npm installed.
23 error If you do, this is most likely a problem with the sri-master package,
23 error not with npm itself.
23 error Tell the author that this fails on your system:
23 error     node server.js
23 error You can get information on how to open an issue for this project with:
23 error     npm bugs sri-master
23 error Or if that isn't available, you can get their info via:
23 error     npm owner ls sri-master
23 error There is likely additional logging output above.
24 verbose exit [ 1, true ]
